build/app/intermediates/manifest_merge_blame_file/debug/manifest-merger-blame-debug-report.txt
1<?xml version="1.0" encoding="utf-8"?>
2<manifest xmlns:android="http://schemas.android.com/apk/res/android"
3    package="com.example.e_commerce"
4    android:versionCode="1"
5    android:versionName="1.0.0" >
6
7    <uses-sdk
8        android:minSdkVersion="16"
9        android:targetSdkVersion="28" />
10    <!--
11         Flutter needs it to communicate with the running application
12         to allow setting breakpoints, to provide hot reload, etc.
13    -->
14    <uses-permission android:name="android.permission.INTERNET" />
14-->src/debug/AndroidManifest.xml:6:5-66
14-->src/debug/AndroidManifest.xml:6:22-64
15    <uses-permission android:name="android.permission.READ_EXTERNAL_STORAGE" />
15-->[:image_picker] AndroidManifest.xml:7:5-80
15-->[:image_picker] AndroidManifest.xml:7:22-77
16    <uses-permission android:name="android.permission.WRITE_EXTERNAL_STORAGE" /> <!-- Although the *SdkVersion is captured in gradle build files, this is required for non gradle builds -->
16-->[:image_picker] AndroidManifest.xml:8:5-81
16-->[:image_picker] AndroidManifest.xml:8:22-78
17    <!-- <uses-sdk android:minSdkVersion="14" /> -->
18    <uses-permission android:name="android.permission.ACCESS_NETWORK_STATE" />
18-->[com.google.firebase:firebase-firestore:23.0.1] AndroidManifest.xml:13:5-79
18-->[com.google.firebase:firebase-firestore:23.0.1] AndroidManifest.xml:13:22-76
19
20    <uses-feature
20-->[com.google.android.gms:play-services-maps:17.0.0] AndroidManifest.xml:26:5-28:35
21        android:glEsVersion="0x00020000"
21-->[com.google.android.gms:play-services-maps:17.0.0] AndroidManifest.xml:27:9-41
22        android:required="true" />
22-->[com.google.android.gms:play-services-maps:17.0.0] AndroidManifest.xml:28:9-32
23
24    <uses-permission android:name="android.permission.WAKE_LOCK" />
24-->[com.google.android.gms:play-services-measurement:19.0.0] AndroidManifest.xml:25:5-68
24-->[com.google.android.gms:play-services-measurement:19.0.0] AndroidManifest.xml:25:22-65
25    <uses-permission android:name="com.google.android.finsky.permission.BIND_GET_INSTALL_REFERRER_SERVICE" />
25-->[com.google.android.gms:play-services-measurement:19.0.0] AndroidManifest.xml:26:5-110
25-->[com.google.android.gms:play-services-measurement:19.0.0] AndroidManifest.xml:26:22-107
26    <!--
27 io.flutter.app.FlutterApplication is an android.app.Application that
28         calls FlutterMain.startInitialization(this); in its onCreate method.
29         In most cases you can leave this as-is, but you if you want to provide
30         additional functionality it is fine to subclass or reimplement
31         FlutterApplication and put your custom class here.
32    -->
33    <application
33-->src/main/AndroidManifest.xml:8:5-49:19
34        android:name="io.flutter.app.FlutterApplication"
34-->src/main/AndroidManifest.xml:9:9-57
35        android:appComponentFactory="androidx.core.app.CoreComponentFactory"
35-->[androidx.core:core:1.1.0] AndroidManifest.xml:24:18-86
36        android:debuggable="true"
37        android:icon="@mipmap/ic_launcher"
37-->src/main/AndroidManifest.xml:11:9-43
38        android:label="Travel Nepal" >
38-->src/main/AndroidManifest.xml:10:9-37
39        <meta-data
39-->src/main/AndroidManifest.xml:13:5-119
40            android:name="com.google.android.geo.API_KEY"
40-->src/main/AndroidManifest.xml:13:16-61
41            android:value="AIzaSyDfKz6MK_DT0jH07nDytHm5eUiP93zbCz0" />
41-->src/main/AndroidManifest.xml:13:62-117
42
43        <activity
43-->src/main/AndroidManifest.xml:14:9-42:20
44            android:name="com.example.e_commerce.MainActivity"
44-->src/main/AndroidManifest.xml:15:13-41
45            android:configChanges="orientation|keyboardHidden|keyboard|screenSize|smallestScreenSize|locale|layoutDirection|fontScale|screenLayout|density|uiMode"
45-->src/main/AndroidManifest.xml:18:13-163
46            android:hardwareAccelerated="true"
46-->src/main/AndroidManifest.xml:19:13-47
47            android:launchMode="singleTop"
47-->src/main/AndroidManifest.xml:16:13-43
48            android:theme="@style/LaunchTheme"
48-->src/main/AndroidManifest.xml:17:13-47
49            android:windowSoftInputMode="adjustResize" >
49-->src/main/AndroidManifest.xml:20:13-55
50
51            <!--
52                 Specifies an Android theme to apply to this Activity as soon as
53                 the Android process has started. This theme is visible to the user
54                 while the Flutter UI initializes. After that, this theme continues
55                 to determine the Window background behind the Flutter UI.
56            -->
57            <meta-data
57-->src/main/AndroidManifest.xml:25:13-28:17
58                android:name="io.flutter.embedding.android.NormalTheme"
58-->src/main/AndroidManifest.xml:26:15-70
59                android:resource="@style/NormalTheme" />
59-->src/main/AndroidManifest.xml:27:15-52
60            <!--
61                 Displays an Android View that continues showing the launch screen
62                 Drawable until Flutter paints its first frame, then this splash
63                 screen fades out. A splash screen is useful to avoid any visual
64                 gap between the end of Android's launch screen and the painting of
65                 Flutter's first frame.
66            -->
67            <meta-data
67-->src/main/AndroidManifest.xml:34:13-37:17
68                android:name="io.flutter.embedding.android.SplashScreenDrawable"
68-->src/main/AndroidManifest.xml:35:15-79
69                android:resource="@drawable/launch_background" />
69-->src/main/AndroidManifest.xml:36:15-61
70
71            <intent-filter>
71-->src/main/AndroidManifest.xml:38:13-41:29
72                <action android:name="android.intent.action.MAIN" />
72-->src/main/AndroidManifest.xml:39:17-68
72-->src/main/AndroidManifest.xml:39:25-66
73
74                <category android:name="android.intent.category.LAUNCHER" />
74-->src/main/AndroidManifest.xml:40:17-76
74-->src/main/AndroidManifest.xml:40:27-74
75            </intent-filter>
76        </activity>
77        <!--
78             Don't delete the meta-data below.
79             This is used by the Flutter tool to generate GeneratedPluginRegistrant.java
80        -->
81        <meta-data
81-->src/main/AndroidManifest.xml:45:9-47:33
82            android:name="flutterEmbedding"
82-->src/main/AndroidManifest.xml:46:13-44
83            android:value="2" />
83-->src/main/AndroidManifest.xml:47:13-30
84
85        <service
85-->[:firebase_auth] AndroidManifest.xml:8:9-12:19
86            android:name="com.google.firebase.components.ComponentDiscoveryService"
86-->[:firebase_auth] AndroidManifest.xml:8:18-89
87            android:directBootAware="true"
87-->[com.google.firebase:firebase-common:20.0.0] AndroidManifest.xml:35:13-43
88            android:exported="false" >
88-->[com.google.firebase:firebase-firestore:23.0.1] AndroidManifest.xml:19:13-37
89            <meta-data
89-->[:firebase_auth] AndroidManifest.xml:9:13-11:85
90                android:name="com.google.firebase.components:io.flutter.plugins.firebase.auth.FlutterFirebaseAuthRegistrar"
90-->[:firebase_auth] AndroidManifest.xml:10:17-124
91                android:value="com.google.firebase.components.ComponentRegistrar" />
91-->[:firebase_auth] AndroidManifest.xml:11:17-82
92            <meta-data
92-->[:firebase_storage] AndroidManifest.xml:9:13-11:85
93                android:name="com.google.firebase.components:io.flutter.plugins.firebase.storage.FlutterFirebaseAppRegistrar"
93-->[:firebase_storage] AndroidManifest.xml:10:17-126
94                android:value="com.google.firebase.components.ComponentRegistrar" />
94-->[:firebase_storage] AndroidManifest.xml:11:17-82
95            <meta-data
95-->[:cloud_firestore] AndroidManifest.xml:9:13-11:85
96                android:name="com.google.firebase.components:io.flutter.plugins.firebase.firestore.FlutterFirebaseFirestoreRegistrar"
96-->[:cloud_firestore] AndroidManifest.xml:10:17-134
97                android:value="com.google.firebase.components.ComponentRegistrar" />
97-->[:cloud_firestore] AndroidManifest.xml:11:17-82
98            <meta-data
98-->[:firebase_core] AndroidManifest.xml:9:13-11:85
99                android:name="com.google.firebase.components:io.flutter.plugins.firebase.core.FlutterFirebaseCoreRegistrar"
99-->[:firebase_core] AndroidManifest.xml:10:17-124
100                android:value="com.google.firebase.components.ComponentRegistrar" />
100-->[:firebase_core] AndroidManifest.xml:11:17-82
101            <meta-data
101-->[com.google.firebase:firebase-firestore:23.0.1] AndroidManifest.xml:20:13-22:85
102                android:name="com.google.firebase.components:com.google.firebase.firestore.FirestoreRegistrar"
102-->[com.google.firebase:firebase-firestore:23.0.1] AndroidManifest.xml:21:17-111
103                android:value="com.google.firebase.components.ComponentRegistrar" />
103-->[com.google.firebase:firebase-firestore:23.0.1] AndroidManifest.xml:22:17-82
104            <meta-data
104-->[com.google.firebase:firebase-storage:20.0.0] AndroidManifest.xml:33:13-35:85
105                android:name="com.google.firebase.components:com.google.firebase.storage.StorageRegistrar"
105-->[com.google.firebase:firebase-storage:20.0.0] AndroidManifest.xml:34:17-107
106                android:value="com.google.firebase.components.ComponentRegistrar" />
106-->[com.google.firebase:firebase-storage:20.0.0] AndroidManifest.xml:35:17-82
107            <meta-data
107-->[com.google.firebase:firebase-auth:21.0.1] AndroidManifest.xml:77:13-79:85
108                android:name="com.google.firebase.components:com.google.firebase.auth.FirebaseAuthRegistrar"
108-->[com.google.firebase:firebase-auth:21.0.1] AndroidManifest.xml:78:17-109
109                android:value="com.google.firebase.components.ComponentRegistrar" />
109-->[com.google.firebase:firebase-auth:21.0.1] AndroidManifest.xml:79:17-82
110            <meta-data
110-->[com.google.android.gms:play-services-measurement-api:19.0.0] AndroidManifest.xml:30:13-32:85
111                android:name="com.google.firebase.components:com.google.firebase.analytics.connector.internal.AnalyticsConnectorRegistrar"
111-->[com.google.android.gms:play-services-measurement-api:19.0.0] AndroidManifest.xml:31:17-139
112                android:value="com.google.firebase.components.ComponentRegistrar" />
112-->[com.google.android.gms:play-services-measurement-api:19.0.0] AndroidManifest.xml:32:17-82
113            <meta-data
113-->[com.google.firebase:firebase-installations:17.0.0] AndroidManifest.xml:18:13-20:85
114                android:name="com.google.firebase.components:com.google.firebase.installations.FirebaseInstallationsRegistrar"
114-->[com.google.firebase:firebase-installations:17.0.0] AndroidManifest.xml:19:17-127
115                android:value="com.google.firebase.components.ComponentRegistrar" />
115-->[com.google.firebase:firebase-installations:17.0.0] AndroidManifest.xml:20:17-82
116        </service>
117
118        <provider
118-->[:image_picker] AndroidManifest.xml:11:9-19:20
119            android:name="io.flutter.plugins.imagepicker.ImagePickerFileProvider"
119-->[:image_picker] AndroidManifest.xml:12:13-82
120            android:authorities="com.example.e_commerce.flutter.image_provider"
120-->[:image_picker] AndroidManifest.xml:13:13-74
121            android:exported="false"
121-->[:image_picker] AndroidManifest.xml:14:13-37
122            android:grantUriPermissions="true" >
122-->[:image_picker] AndroidManifest.xml:15:13-47
123            <meta-data
123-->[:image_picker] AndroidManifest.xml:16:13-18:75
124                android:name="android.support.FILE_PROVIDER_PATHS"
124-->[:image_picker] AndroidManifest.xml:17:17-67
125                android:resource="@xml/flutter_image_picker_file_paths" />
125-->[:image_picker] AndroidManifest.xml:18:17-72
126        </provider> <!-- Needs to be explicitly declared on P+ -->
127        <uses-library
127-->[com.google.android.gms:play-services-maps:17.0.0] AndroidManifest.xml:33:9-35:40
128            android:name="org.apache.http.legacy"
128-->[com.google.android.gms:play-services-maps:17.0.0] AndroidManifest.xml:34:13-50
129            android:required="false" />
129-->[com.google.android.gms:play-services-maps:17.0.0] AndroidManifest.xml:35:13-37
130
131        <activity
131-->[com.google.firebase:firebase-auth:21.0.1] AndroidManifest.xml:27:9-44:20
132            android:name="com.google.firebase.auth.internal.GenericIdpActivity"
132-->[com.google.firebase:firebase-auth:21.0.1] AndroidManifest.xml:28:13-80
133            android:excludeFromRecents="true"
133-->[com.google.firebase:firebase-auth:21.0.1] AndroidManifest.xml:29:13-46
134            android:exported="true"
134-->[com.google.firebase:firebase-auth:21.0.1] AndroidManifest.xml:30:13-36
135            android:launchMode="singleTask"
135-->[com.google.firebase:firebase-auth:21.0.1] AndroidManifest.xml:31:13-44
136            android:theme="@android:style/Theme.Translucent.NoTitleBar" >
136-->[com.google.firebase:firebase-auth:21.0.1] AndroidManifest.xml:32:13-72
137            <intent-filter>
137-->[com.google.firebase:firebase-auth:21.0.1] AndroidManifest.xml:33:13-43:29
138                <action android:name="android.intent.action.VIEW" />
138-->[com.google.firebase:firebase-auth:21.0.1] AndroidManifest.xml:34:17-69
138-->[com.google.firebase:firebase-auth:21.0.1] AndroidManifest.xml:34:25-66
139
140                <category android:name="android.intent.category.DEFAULT" />
140-->[com.google.firebase:firebase-auth:21.0.1] AndroidManifest.xml:36:17-76
140-->[com.google.firebase:firebase-auth:21.0.1] AndroidManifest.xml:36:27-73
141                <category android:name="android.intent.category.BROWSABLE" />
141-->[com.google.firebase:firebase-auth:21.0.1] AndroidManifest.xml:37:17-78
141-->[com.google.firebase:firebase-auth:21.0.1] AndroidManifest.xml:37:27-75
142
143                <data
143-->[com.google.firebase:firebase-auth:21.0.1] AndroidManifest.xml:39:17-42:51
144                    android:host="firebase.auth"
144-->[com.google.firebase:firebase-auth:21.0.1] AndroidManifest.xml:40:21-49
145                    android:path="/"
145-->[com.google.firebase:firebase-auth:21.0.1] AndroidManifest.xml:41:21-37
146                    android:scheme="genericidp" />
146-->[com.google.firebase:firebase-auth:21.0.1] AndroidManifest.xml:42:21-48
147            </intent-filter>
148        </activity>
149        <activity
149-->[com.google.firebase:firebase-auth:21.0.1] AndroidManifest.xml:45:9-62:20
150            android:name="com.google.firebase.auth.internal.RecaptchaActivity"
150-->[com.google.firebase:firebase-auth:21.0.1] AndroidManifest.xml:46:13-79
151            android:excludeFromRecents="true"
151-->[com.google.firebase:firebase-auth:21.0.1] AndroidManifest.xml:47:13-46
152            android:exported="true"
152-->[com.google.firebase:firebase-auth:21.0.1] AndroidManifest.xml:48:13-36
153            android:launchMode="singleTask"
153-->[com.google.firebase:firebase-auth:21.0.1] AndroidManifest.xml:49:13-44
154            android:theme="@android:style/Theme.Translucent.NoTitleBar" >
154-->[com.google.firebase:firebase-auth:21.0.1] AndroidManifest.xml:50:13-72
155            <intent-filter>
155-->[com.google.firebase:firebase-auth:21.0.1] AndroidManifest.xml:51:13-61:29
156                <action android:name="android.intent.action.VIEW" />
156-->[com.google.firebase:firebase-auth:21.0.1] AndroidManifest.xml:34:17-69
156-->[com.google.firebase:firebase-auth:21.0.1] AndroidManifest.xml:34:25-66
157
158                <category android:name="android.intent.category.DEFAULT" />
158-->[com.google.firebase:firebase-auth:21.0.1] AndroidManifest.xml:36:17-76
158-->[com.google.firebase:firebase-auth:21.0.1] AndroidManifest.xml:36:27-73
159                <category android:name="android.intent.category.BROWSABLE" />
159-->[com.google.firebase:firebase-auth:21.0.1] AndroidManifest.xml:37:17-78
159-->[com.google.firebase:firebase-auth:21.0.1] AndroidManifest.xml:37:27-75
160
161                <data
161-->[com.google.firebase:firebase-auth:21.0.1] AndroidManifest.xml:39:17-42:51
162                    android:host="firebase.auth"
162-->[com.google.firebase:firebase-auth:21.0.1] AndroidManifest.xml:40:21-49
163                    android:path="/"
163-->[com.google.firebase:firebase-auth:21.0.1] AndroidManifest.xml:41:21-37
164                    android:scheme="recaptcha" />
164-->[com.google.firebase:firebase-auth:21.0.1] AndroidManifest.xml:42:21-48
165            </intent-filter>
166        </activity>
167
168        <service
168-->[com.google.firebase:firebase-auth:21.0.1] AndroidManifest.xml:64:9-73:19
169            android:name="com.google.firebase.auth.api.fallback.service.FirebaseAuthFallbackService"
169-->[com.google.firebase:firebase-auth:21.0.1] AndroidManifest.xml:65:13-101
170            android:enabled="true"
170-->[com.google.firebase:firebase-auth:21.0.1] AndroidManifest.xml:66:13-35
171            android:exported="false" >
171-->[com.google.firebase:firebase-auth:21.0.1] AndroidManifest.xml:67:13-37
172            <intent-filter>
172-->[com.google.firebase:firebase-auth:21.0.1] AndroidManifest.xml:68:13-72:29
173                <action android:name="com.google.firebase.auth.api.gms.service.START" />
173-->[com.google.firebase:firebase-auth:21.0.1] AndroidManifest.xml:69:17-89
173-->[com.google.firebase:firebase-auth:21.0.1] AndroidManifest.xml:69:25-86
174
175                <category android:name="android.intent.category.DEFAULT" />
175-->[com.google.firebase:firebase-auth:21.0.1] AndroidManifest.xml:36:17-76
175-->[com.google.firebase:firebase-auth:21.0.1] AndroidManifest.xml:36:27-73
176            </intent-filter>
177        </service>
178
179        <activity
179-->[com.google.android.gms:play-services-base:17.1.0] AndroidManifest.xml:23:9-26:75
180            android:name="com.google.android.gms.common.api.GoogleApiActivity"
180-->[com.google.android.gms:play-services-base:17.1.0] AndroidManifest.xml:24:13-79
181            android:exported="false"
181-->[com.google.android.gms:play-services-base:17.1.0] AndroidManifest.xml:25:13-37
182            android:theme="@android:style/Theme.Translucent.NoTitleBar" />
182-->[com.google.android.gms:play-services-base:17.1.0] AndroidManifest.xml:26:13-72
183
184        <receiver
184-->[com.google.android.gms:play-services-measurement:19.0.0] AndroidManifest.xml:29:9-33:20
185            android:name="com.google.android.gms.measurement.AppMeasurementReceiver"
185-->[com.google.android.gms:play-services-measurement:19.0.0] AndroidManifest.xml:30:13-85
186            android:enabled="true"
186-->[com.google.android.gms:play-services-measurement:19.0.0] AndroidManifest.xml:31:13-35
187            android:exported="false" >
187-->[com.google.android.gms:play-services-measurement:19.0.0] AndroidManifest.xml:32:13-37
188        </receiver>
189
190        <service
190-->[com.google.android.gms:play-services-measurement:19.0.0] AndroidManifest.xml:35:9-38:40
191            android:name="com.google.android.gms.measurement.AppMeasurementService"
191-->[com.google.android.gms:play-services-measurement:19.0.0] AndroidManifest.xml:36:13-84
192            android:enabled="true"
192-->[com.google.android.gms:play-services-measurement:19.0.0] AndroidManifest.xml:37:13-35
193            android:exported="false" />
193-->[com.google.android.gms:play-services-measurement:19.0.0] AndroidManifest.xml:38:13-37
194        <service
194-->[com.google.android.gms:play-services-measurement:19.0.0] AndroidManifest.xml:39:9-43:72
195            android:name="com.google.android.gms.measurement.AppMeasurementJobService"
195-->[com.google.android.gms:play-services-measurement:19.0.0] AndroidManifest.xml:40:13-87
196            android:enabled="true"
196-->[com.google.android.gms:play-services-measurement:19.0.0] AndroidManifest.xml:41:13-35
197            android:exported="false"
197-->[com.google.android.gms:play-services-measurement:19.0.0] AndroidManifest.xml:42:13-37
198            android:permission="android.permission.BIND_JOB_SERVICE" />
198-->[com.google.android.gms:play-services-measurement:19.0.0] AndroidManifest.xml:43:13-69
199
200        <provider
200-->[com.google.firebase:firebase-common:20.0.0] AndroidManifest.xml:26:9-31:39
201            android:name="com.google.firebase.provider.FirebaseInitProvider"
201-->[com.google.firebase:firebase-common:20.0.0] AndroidManifest.xml:27:13-77
202            android:authorities="com.example.e_commerce.firebaseinitprovider"
202-->[com.google.firebase:firebase-common:20.0.0] AndroidManifest.xml:28:13-72
203            android:directBootAware="true"
203-->[com.google.firebase:firebase-common:20.0.0] AndroidManifest.xml:29:13-43
204            android:exported="false"
204-->[com.google.firebase:firebase-common:20.0.0] AndroidManifest.xml:30:13-37
205            android:initOrder="100" />
205-->[com.google.firebase:firebase-common:20.0.0] AndroidManifest.xml:31:13-36
206
207        <meta-data
207-->[com.google.android.gms:play-services-basement:17.1.0] AndroidManifest.xml:23:9-25:69
208            android:name="com.google.android.gms.version"
208-->[com.google.android.gms:play-services-basement:17.1.0] AndroidManifest.xml:24:13-58
209            android:value="@integer/google_play_services_version" />
209-->[com.google.android.gms:play-services-basement:17.1.0] AndroidManifest.xml:25:13-66
210    </application>
211
212</manifest>